#
# There is insufficient memory for the Java Runtime Environment to continue.
# Native memory allocation (malloc) failed to allocate 1926256 bytes. Error detail: Chunk::new
# Possible reasons:
#   The system is out of physical RAM or swap space
#   This process is running with CompressedOops enabled, and the Java Heap may be blocking the growth of the native heap
# Possible solutions:
#   Reduce memory load on the system
#   Increase physical memory or swap space
#   Check if swap backing store is full
#   Decrease Java heap size (-Xmx/-Xms)
#   Decrease number of Java threads
#   Decrease Java thread stack sizes (-Xss)
#   Set larger code cache with -XX:ReservedCodeCacheSize=
#   JVM is running with Zero Based Compressed Oops mode in which the Java heap is
#     placed in the first 32GB address space. The Java Heap base address is the
#     maximum limit for the native heap growth. Please use -XX:HeapBaseMinAddress
#     to set the Java Heap base and to place the Java Heap above 32GB virtual address.
# This output file may be truncated or incomplete.
#
#  Out of Memory Error (arena.cpp:150), pid=31392, tid=16564
#
# JRE version: Java(TM) SE Runtime Environment (22.0.1+8) (build 22.0.1+8-16)
# Java VM: Java HotSpot(TM) 64-Bit Server VM (22.0.1+8-16, mixed mode, sharing, tiered, compressed oops, compressed class ptrs, g1 gc, windows-amd64)
# No core dump will be written. Minidumps are not enabled by default on client versions of Windows
#

---------------  S U M M A R Y ------------

Command Line: --add-opens=java.base/java.lang=ALL-UNNAMED --add-opens=java.base/java.lang.invoke=ALL-UNNAMED --add-opens=java.base/java.util=ALL-UNNAMED --add-opens=java.prefs/java.util.prefs=ALL-UNNAMED --add-exports=jdk.compiler/com.sun.tools.javac.api=ALL-UNNAMED --add-exports=jdk.compiler/com.sun.tools.javac.util=ALL-UNNAMED --add-opens=java.base/java.util=ALL-UNNAMED --add-opens=java.prefs/java.util.prefs=ALL-UNNAMED --add-opens=java.base/java.nio.charset=ALL-UNNAMED --add-opens=java.base/java.net=ALL-UNNAMED --add-opens=java.base/java.util.concurrent.atomic=ALL-UNNAMED --add-opens=java.xml/javax.xml.namespace=ALL-UNNAMED -Xmx4G -Dfile.encoding=UTF-8 -Duser.country=GB -Duser.language=en -Duser.variant -javaagent:C:\Users\timjo\.gradle\wrapper\dists\gradle-8.11.1-bin\bpt9gzteqjrbo1mjrsomdt32c\gradle-8.11.1\lib\agents\gradle-instrumentation-agent-8.11.1.jar org.gradle.launcher.daemon.bootstrap.GradleDaemon 8.11.1

Host: AMD Ryzen 5 5600H with Radeon Graphics         , 12 cores, 7G,  Windows 11 , 64 bit Build 22621 (10.0.22621.4391)
Time: Tue Jan  7 21:37:35 2025 W. Europe Standard Time elapsed time: 3.699160 seconds (0d 0h 0m 3s)

---------------  T H R E A D  ---------------

Current thread (0x000001a129207500):  JavaThread "C2 CompilerThread1" daemon [_thread_in_native, id=16564, stack(0x0000003a53800000,0x0000003a53900000) (1024K)]


Current CompileTask:
C2:3699 2753       4       java.lang.invoke.MethodType::makeImpl (109 bytes)

Stack: [0x0000003a53800000,0x0000003a53900000]
Native frames: (J=compiled Java code, j=interpreted, Vv=VM code, C=native code)
V  [jvm.dll+0x6e2279]  (no source info available)
V  [jvm.dll+0x874e33]  (no source info available)
V  [jvm.dll+0x87725e]  (no source info available)
V  [jvm.dll+0x877933]  (no source info available)
V  [jvm.dll+0x27fd76]  (no source info available)
V  [jvm.dll+0xc3d0f]  (no source info available)
V  [jvm.dll+0xc3f6b]  (no source info available)
V  [jvm.dll+0x3bb0d2]  (no source info available)
V  [jvm.dll+0x387b6b]  (no source info available)
V  [jvm.dll+0x386fda]  (no source info available)
V  [jvm.dll+0x247918]  (no source info available)
V  [jvm.dll+0x246fbf]  (no source info available)
V  [jvm.dll+0x1c4e90]  (no source info available)
V  [jvm.dll+0x2569fe]  (no source info available)
V  [jvm.dll+0x254cba]  (no source info available)
V  [jvm.dll+0x3f5336]  (no source info available)
V  [jvm.dll+0x81d44b]  (no source info available)
V  [jvm.dll+0x6e0915]  (no source info available)
C  [ucrtbase.dll+0x29333]  (no source info available)
C  [KERNEL32.DLL+0x1259d]  (no source info available)
C  [ntdll.dll+0x5af38]  (no source info available)


---------------  P R O C E S S  ---------------

Threads class SMR info:
_java_thread_list=0x000001a12ba462e0, length=27, elements={
0x000001a0c0310fe0, 0x000001a0e1792560, 0x000001a0e1793270, 0x000001a0e1796c90,
0x000001a0e17978a0, 0x000001a0e1798d80, 0x000001a0e179db80, 0x000001a0e17a1e90,
0x000001a0e17c8e80, 0x000001a0e175f6d0, 0x000001a0e1b52e30, 0x000001a128796390,
0x000001a12879d6e0, 0x000001a1288a30e0, 0x000001a12899b7d0, 0x000001a1289a82f0,
0x000001a1288c7e60, 0x000001a1288cb9a0, 0x000001a1288c9240, 0x000001a1288cb310,
0x000001a1288c98d0, 0x000001a1288c8bb0, 0x000001a1288c9f60, 0x000001a1288cac80,
0x000001a129207500, 0x000001a12a3d7cd0, 0x000001a1288c8520
}

Java Threads: ( => current thread )
  0x000001a0c0310fe0 JavaThread "main"                              [_thread_blocked, id=44184, stack(0x0000003a51000000,0x0000003a51100000) (1024K)]
  0x000001a0e1792560 JavaThread "Reference Handler"          daemon [_thread_blocked, id=15448, stack(0x0000003a51800000,0x0000003a51900000) (1024K)]
  0x000001a0e1793270 JavaThread "Finalizer"                  daemon [_thread_blocked, id=37128, stack(0x0000003a51900000,0x0000003a51a00000) (1024K)]
  0x000001a0e1796c90 JavaThread "Signal Dispatcher"          daemon [_thread_blocked, id=25088, stack(0x0000003a51a00000,0x0000003a51b00000) (1024K)]
  0x000001a0e17978a0 JavaThread "Attach Listener"            daemon [_thread_blocked, id=37200, stack(0x0000003a51b00000,0x0000003a51c00000) (1024K)]
  0x000001a0e1798d80 JavaThread "Service Thread"             daemon [_thread_blocked, id=45904, stack(0x0000003a51c00000,0x0000003a51d00000) (1024K)]
  0x000001a0e179db80 JavaThread "Monitor Deflation Thread"   daemon [_thread_blocked, id=45688, stack(0x0000003a51d00000,0x0000003a51e00000) (1024K)]
  0x000001a0e17a1e90 JavaThread "C2 CompilerThread0"         daemon [_thread_in_native, id=45724, stack(0x0000003a51e00000,0x0000003a51f00000) (1024K)]
  0x000001a0e17c8e80 JavaThread "C1 CompilerThread0"         daemon [_thread_blocked, id=31868, stack(0x0000003a51f00000,0x0000003a52000000) (1024K)]
  0x000001a0e175f6d0 JavaThread "Common-Cleaner"             daemon [_thread_blocked, id=15436, stack(0x0000003a52000000,0x0000003a52100000) (1024K)]
  0x000001a0e1b52e30 JavaThread "Notification Thread"        daemon [_thread_blocked, id=41800, stack(0x0000003a52200000,0x0000003a52300000) (1024K)]
  0x000001a128796390 JavaThread "Daemon health stats"               [_thread_blocked, id=32848, stack(0x0000003a52700000,0x0000003a52800000) (1024K)]
  0x000001a12879d6e0 JavaThread "Incoming local TCP Connector on port 59091"        [_thread_in_native, id=30328, stack(0x0000003a52800000,0x0000003a52900000) (1024K)]
  0x000001a1288a30e0 JavaThread "Daemon periodic checks"            [_thread_blocked, id=32060, stack(0x0000003a52900000,0x0000003a52a00000) (1024K)]
  0x000001a12899b7d0 JavaThread "Daemon"                            [_thread_blocked, id=15484, stack(0x0000003a52a00000,0x0000003a52b00000) (1024K)]
  0x000001a1289a82f0 JavaThread "Handler for socket connection from /127.0.0.1:59091 to /127.0.0.1:59092"        [_thread_in_native, id=44472, stack(0x0000003a52b00000,0x0000003a52c00000) (1024K)]
  0x000001a1288c7e60 JavaThread "Cancel handler"                    [_thread_blocked, id=31652, stack(0x0000003a53100000,0x0000003a53200000) (1024K)]
  0x000001a1288cb9a0 JavaThread "Daemon worker"                     [_thread_in_Java, id=44156, stack(0x0000003a53200000,0x0000003a53300000) (1024K)]
  0x000001a1288c9240 JavaThread "Asynchronous log dispatcher for DefaultDaemonConnection: socket connection from /127.0.0.1:59091 to /127.0.0.1:59092"        [_thread_blocked, id=18792, stack(0x0000003a53300000,0x0000003a53400000) (1024K)]
  0x000001a1288cb310 JavaThread "Stdin handler"                     [_thread_blocked, id=20524, stack(0x0000003a53400000,0x0000003a53500000) (1024K)]
  0x000001a1288c98d0 JavaThread "Daemon client event forwarder"        [_thread_blocked, id=14920, stack(0x0000003a53500000,0x0000003a53600000) (1024K)]
  0x000001a1288c8bb0 JavaThread "Cache worker for journal cache (C:\Users\timjo\.gradle\caches\journal-1)"        [_thread_blocked, id=34388, stack(0x0000003a53600000,0x0000003a53700000) (1024K)]
  0x000001a1288c9f60 JavaThread "File lock request listener"        [_thread_in_native, id=9284, stack(0x0000003a53700000,0x0000003a53800000) (1024K)]
  0x000001a1288cac80 JavaThread "Cache worker for file hash cache (C:\Users\timjo\.gradle\caches\8.11.1\fileHashes)"        [_thread_blocked, id=45300, stack(0x0000003a52100000,0x0000003a52200000) (1024K)]
=>0x000001a129207500 JavaThread "C2 CompilerThread1"         daemon [_thread_in_native, id=16564, stack(0x0000003a53800000,0x0000003a53900000) (1024K)]
  0x000001a12a3d7cd0 JavaThread "C2 CompilerThread2"         daemon [_thread_in_native, id=18820, stack(0x0000003a53900000,0x0000003a53a00000) (1024K)]
  0x000001a1288c8520 JavaThread "Cache worker for file content cache (C:\Users\timjo\.gradle\caches\8.11.1\fileContent)"        [_thread_blocked, id=32824, stack(0x0000003a53a00000,0x0000003a53b00000) (1024K)]
Total: 27

Other Threads:
  0x000001a0e17737a0 VMThread "VM Thread"                           [id=35360, stack(0x0000003a51700000,0x0000003a51800000) (1024K)]
  0x000001a0e175c470 WatcherThread "VM Periodic Task Thread"        [id=19980, stack(0x0000003a51600000,0x0000003a51700000) (1024K)]
  0x000001a0c0379a20 WorkerThread "GC Thread#0"                     [id=32572, stack(0x0000003a51100000,0x0000003a51200000) (1024K)]
  0x000001a1272b3d90 WorkerThread "GC Thread#1"                     [id=41024, stack(0x0000003a52400000,0x0000003a52500000) (1024K)]
  0x000001a12739fb30 WorkerThread "GC Thread#2"                     [id=31160, stack(0x0000003a52500000,0x0000003a52600000) (1024K)]
  0x000001a1271adb70 WorkerThread "GC Thread#3"                     [id=40144, stack(0x0000003a52600000,0x0000003a52700000) (1024K)]
  0x000001a127d4fa40 WorkerThread "GC Thread#4"                     [id=33632, stack(0x0000003a52300000,0x0000003a52400000) (1024K)]
  0x000001a128a08380 WorkerThread "GC Thread#5"                     [id=4128, stack(0x0000003a52c00000,0x0000003a52d00000) (1024K)]
  0x000001a1289a9170 WorkerThread "GC Thread#6"                     [id=40908, stack(0x0000003a52d00000,0x0000003a52e00000) (1024K)]
  0x000001a1289a9930 WorkerThread "GC Thread#7"                     [id=44652, stack(0x0000003a52e00000,0x0000003a52f00000) (1024K)]
  0x000001a1289ab370 WorkerThread "GC Thread#8"                     [id=30456, stack(0x0000003a52f00000,0x0000003a53000000) (1024K)]
  0x000001a1289abf30 WorkerThread "GC Thread#9"                     [id=25632, stack(0x0000003a53000000,0x0000003a53100000) (1024K)]
  0x000001a0c038aa60 ConcurrentGCThread "G1 Main Marker"            [id=44484, stack(0x0000003a51200000,0x0000003a51300000) (1024K)]
  0x000001a0c038bbb0 WorkerThread "G1 Conc#0"                       [id=44820, stack(0x0000003a51300000,0x0000003a51400000) (1024K)]
  0x000001a0e162e510 ConcurrentGCThread "G1 Refine#0"               [id=9796, stack(0x0000003a51400000,0x0000003a51500000) (1024K)]
  0x000001a0e162ef30 ConcurrentGCThread "G1 Service"                [id=38248, stack(0x0000003a51500000,0x0000003a51600000) (1024K)]
Total: 16

Threads with active compile tasks:
C2 CompilerThread0  3855 2896       4       java.net.URLClassLoader$1::run (5 bytes)
C2 CompilerThread1  3855 2753       4       java.lang.invoke.MethodType::makeImpl (109 bytes)
C2 CompilerThread2  3855 2883   !   4       java.net.URLClassLoader::findClass (47 bytes)
Total: 3

VM state: not at safepoint (normal execution)

VM Mutex/Monitor currently owned by a thread: None

Heap address: 0x0000000700000000, size: 4096 MB, Compressed Oops mode: Zero based, Oop shift amount: 3

CDS archive(s) mapped at: [0x000001a0e2000000-0x000001a0e2c60000-0x000001a0e2c60000), size 12976128, SharedBaseAddress: 0x000001a0e2000000, ArchiveRelocationMode: 1.
Compressed class space mapped at: 0x000001a0e3000000-0x000001a123000000, reserved size: 1073741824
Narrow klass base: 0x000001a0e2000000, Narrow klass shift: 0, Narrow klass range: 0x41000000

GC Precious Log:
 CardTable entry size: 512
 Card Set container configuration: InlinePtr #cards 4 size 8 Array Of Cards #cards 16 size 48 Howl #buckets 8 coarsen threshold 3686 Howl Bitmap #cards 512 size 80 coarsen threshold 460 Card regions per heap region 1 cards per card region 4096
 CPUs: 12 total, 12 available
 Memory: 7519M
 Large Page Support: Disabled
 NUMA Support: Disabled
 Compressed Oops: Enabled (Zero based)
 Heap Region Size: 2M
 Heap Min Capacity: 8M
 Heap Initial Capacity: 118M
 Heap Max Capacity: 4G
 Pre-touch: Disabled
 Parallel Workers: 10
 Concurrent Workers: 3
 Concurrent Refinement Workers: 10
 Periodic GC: Disabled

Heap:
 garbage-first heap   total reserved 4194304K, committed 120832K, used 77063K [0x0000000700000000, 0x0000000800000000)
  region size 2048K, 34 young (69632K), 4 survivors (8192K)
 Metaspace       used 18902K, committed 19520K, reserved 1114112K
  class space    used 2765K, committed 3072K, reserved 1048576K

Heap Regions: E=young(eden), S=young(survivor), O=old, HS=humongous(starts), HC=humongous(continues), CS=collection set, F=free, TAMS=top-at-mark-start, PB=parsable bottom
|   0|0x0000000700000000, 0x0000000700200000, 0x0000000700200000|100%|HS|  |TAMS 0x0000000700000000| PB 0x0000000700000000| Complete |  0
|   1|0x0000000700200000, 0x0000000700400000, 0x0000000700400000|100%|HC|  |TAMS 0x0000000700200000| PB 0x0000000700200000| Complete |  0
|   2|0x0000000700400000, 0x0000000700600000, 0x0000000700600000|100%| O|  |TAMS 0x0000000700400000| PB 0x0000000700400000| Untracked |  0
|   3|0x0000000700600000, 0x0000000700800000, 0x0000000700800000|100%| O|  |TAMS 0x0000000700600000| PB 0x0000000700600000| Untracked |  0
|   4|0x0000000700800000, 0x0000000700a00000, 0x0000000700a00000|100%| O|  |TAMS 0x0000000700800000| PB 0x0000000700800000| Untracked |  0
|   5|0x0000000700a00000, 0x0000000700b8a178, 0x0000000700c00000| 76%| O|  |TAMS 0x0000000700a00000| PB 0x0000000700a00000| Untracked |  0
|   6|0x0000000700c00000, 0x0000000700c00000, 0x0000000700e00000|  0%| F|  |TAMS 0x0000000700c00000| PB 0x0000000700c00000| Untracked |  0
|   7|0x0000000700e00000, 0x0000000700e00000, 0x0000000701000000|  0%| F|  |TAMS 0x0000000700e00000| PB 0x0000000700e00000| Untracked |  0
|   8|0x0000000701000000, 0x0000000701000000, 0x0000000701200000|  0%| F|  |TAMS 0x0000000701000000| PB 0x0000000701000000| Untracked |  0
|   9|0x0000000701200000, 0x0000000701200000, 0x0000000701400000|  0%| F|  |TAMS 0x0000000701200000| PB 0x0000000701200000| Untracked |  0
|  10|0x0000000701400000, 0x0000000701400000, 0x0000000701600000|  0%| F|  |TAMS 0x0000000701400000| PB 0x0000000701400000| Untracked |  0
|  11|0x0000000701600000, 0x0000000701600000, 0x0000000701800000|  0%| F|  |TAMS 0x0000000701600000| PB 0x0000000701600000| Untracked |  0
|  12|0x0000000701800000, 0x0000000701800000, 0x0000000701a00000|  0%| F|  |TAMS 0x0000000701800000| PB 0x0000000701800000| Untracked |  0
|  13|0x0000000701a00000, 0x0000000701a00000, 0x0000000701c00000|  0%| F|  |TAMS 0x0000000701a00000| PB 0x0000000701a00000| Untracked |  0
|  14|0x0000000701c00000, 0x0000000701c00000, 0x0000000701e00000|  0%| F|  |TAMS 0x0000000701c00000| PB 0x0000000701c00000| Untracked |  0
|  15|0x0000000701e00000, 0x0000000701e00000, 0x0000000702000000|  0%| F|  |TAMS 0x0000000701e00000| PB 0x0000000701e00000| Untracked |  0
|  16|0x0000000702000000, 0x0000000702000000, 0x0000000702200000|  0%| F|  |TAMS 0x0000000702000000| PB 0x0000000702000000| Untracked |  0
|  17|0x0000000702200000, 0x0000000702200000, 0x0000000702400000|  0%| F|  |TAMS 0x0000000702200000| PB 0x0000000702200000| Untracked |  0
|  18|0x0000000702400000, 0x0000000702400000, 0x0000000702600000|  0%| F|  |TAMS 0x0000000702400000| PB 0x0000000702400000| Untracked |  0
|  19|0x0000000702600000, 0x0000000702600000, 0x0000000702800000|  0%| F|  |TAMS 0x0000000702600000| PB 0x0000000702600000| Untracked |  0
|  20|0x0000000702800000, 0x0000000702800000, 0x0000000702a00000|  0%| F|  |TAMS 0x0000000702800000| PB 0x0000000702800000| Untracked |  0
|  21|0x0000000702a00000, 0x0000000702a00000, 0x0000000702c00000|  0%| F|  |TAMS 0x0000000702a00000| PB 0x0000000702a00000| Untracked |  0
|  22|0x0000000702c00000, 0x0000000702c00000, 0x0000000702e00000|  0%| F|  |TAMS 0x0000000702c00000| PB 0x0000000702c00000| Untracked |  0
|  23|0x0000000702e00000, 0x0000000702e00000, 0x0000000703000000|  0%| F|  |TAMS 0x0000000702e00000| PB 0x0000000702e00000| Untracked |  0
|  24|0x0000000703000000, 0x0000000703000000, 0x0000000703200000|  0%| F|  |TAMS 0x0000000703000000| PB 0x0000000703000000| Untracked |  0
|  25|0x0000000703200000, 0x00000007033b7b38, 0x0000000703400000| 85%| S|CS|TAMS 0x0000000703200000| PB 0x0000000703200000| Complete |  0
|  26|0x0000000703400000, 0x0000000703600000, 0x0000000703600000|100%| S|CS|TAMS 0x0000000703400000| PB 0x0000000703400000| Complete |  0
|  27|0x0000000703600000, 0x0000000703800000, 0x0000000703800000|100%| S|CS|TAMS 0x0000000703600000| PB 0x0000000703600000| Complete |  0
|  28|0x0000000703800000, 0x0000000703a00000, 0x0000000703a00000|100%| S|CS|TAMS 0x0000000703800000| PB 0x0000000703800000| Complete |  0
|  29|0x0000000703a00000, 0x0000000703a80978, 0x0000000703c00000| 25%| E|  |TAMS 0x0000000703a00000| PB 0x0000000703a00000| Complete |  0
|  30|0x0000000703c00000, 0x0000000703e00000, 0x0000000703e00000|100%| E|CS|TAMS 0x0000000703c00000| PB 0x0000000703c00000| Complete |  0
|  31|0x0000000703e00000, 0x0000000704000000, 0x0000000704000000|100%| E|CS|TAMS 0x0000000703e00000| PB 0x0000000703e00000| Complete |  0
|  32|0x0000000704000000, 0x0000000704200000, 0x0000000704200000|100%| E|CS|TAMS 0x0000000704000000| PB 0x0000000704000000| Complete |  0
|  33|0x0000000704200000, 0x0000000704400000, 0x0000000704400000|100%| E|CS|TAMS 0x0000000704200000| PB 0x0000000704200000| Complete |  0
|  34|0x0000000704400000, 0x0000000704600000, 0x0000000704600000|100%| E|CS|TAMS 0x0000000704400000| PB 0x0000000704400000| Complete |  0
|  35|0x0000000704600000, 0x0000000704800000, 0x0000000704800000|100%| E|CS|TAMS 0x0000000704600000| PB 0x0000000704600000| Complete |  0
|  36|0x0000000704800000, 0x0000000704a00000, 0x0000000704a00000|100%| E|CS|TAMS 0x0000000704800000| PB 0x0000000704800000| Complete |  0
|  37|0x0000000704a00000, 0x0000000704c00000, 0x0000000704c00000|100%| E|CS|TAMS 0x0000000704a00000| PB 0x0000000704a00000| Complete |  0
|  38|0x0000000704c00000, 0x0000000704e00000, 0x0000000704e00000|100%| E|CS|TAMS 0x0000000704c00000| PB 0x0000000704c00000| Complete |  0
|  39|0x0000000704e00000, 0x0000000705000000, 0x0000000705000000|100%| E|CS|TAMS 0x0000000704e00000| PB 0x0000000704e00000| Complete |  0
|  40|0x0000000705000000, 0x0000000705200000, 0x0000000705200000|100%| E|CS|TAMS 0x0000000705000000| PB 0x0000000705000000| Complete |  0
|  41|0x0000000705200000, 0x0000000705400000, 0x0000000705400000|100%| E|CS|TAMS 0x0000000705200000| PB 0x0000000705200000| Complete |  0
|  42|0x0000000705400000, 0x0000000705600000, 0x0000000705600000|100%| E|CS|TAMS 0x0000000705400000| PB 0x0000000705400000| Complete |  0
|  43|0x0000000705600000, 0x0000000705800000, 0x0000000705800000|100%| E|CS|TAMS 0x0000000705600000| PB 0x0000000705600000| Complete |  0
|  44|0x0000000705800000, 0x0000000705a00000, 0x0000000705a00000|100%| E|CS|TAMS 0x0000000705800000| PB 0x0000000705800000| Complete |  0
|  45|0x0000000705a00000, 0x0000000705c00000, 0x0000000705c00000|100%| E|CS|TAMS 0x0000000705a00000| PB 0x0000000705a00000| Complete |  0
|  46|0x0000000705c00000, 0x0000000705e00000, 0x0000000705e00000|100%| E|CS|TAMS 0x0000000705c00000| PB 0x0000000705c00000| Complete |  0
|  47|0x0000000705e00000, 0x0000000706000000, 0x0000000706000000|100%| E|CS|TAMS 0x0000000705e00000| PB 0x0000000705e00000| Complete |  0
|  48|0x0000000706000000, 0x0000000706200000, 0x0000000706200000|100%| E|CS|TAMS 0x0000000706000000| PB 0x0000000706000000| Complete |  0
|  49|0x0000000706200000, 0x0000000706400000, 0x0000000706400000|100%| E|  |TAMS 0x0000000706200000| PB 0x0000000706200000| Complete |  0
|  50|0x0000000706400000, 0x0000000706600000, 0x0000000706600000|100%| E|CS|TAMS 0x0000000706400000| PB 0x0000000706400000| Complete |  0
|  51|0x0000000706600000, 0x0000000706800000, 0x0000000706800000|100%| E|CS|TAMS 0x0000000706600000| PB 0x0000000706600000| Complete |  0
|  52|0x0000000706800000, 0x0000000706a00000, 0x0000000706a00000|100%| E|CS|TAMS 0x0000000706800000| PB 0x0000000706800000| Complete |  0
|  53|0x0000000706a00000, 0x0000000706c00000, 0x0000000706c00000|100%| E|CS|TAMS 0x0000000706a00000| PB 0x0000000706a00000| Complete |  0
|  54|0x0000000706c00000, 0x0000000706e00000, 0x0000000706e00000|100%| E|CS|TAMS 0x0000000706c00000| PB 0x0000000706c00000| Complete |  0
|  55|0x0000000706e00000, 0x0000000707000000, 0x0000000707000000|100%| E|CS|TAMS 0x0000000706e00000| PB 0x0000000706e00000| Complete |  0
|  56|0x0000000707000000, 0x0000000707200000, 0x0000000707200000|100%| E|CS|TAMS 0x0000000707000000| PB 0x0000000707000000| Complete |  0
|  57|0x0000000707200000, 0x0000000707400000, 0x0000000707400000|100%| E|CS|TAMS 0x0000000707200000| PB 0x0000000707200000| Complete |  0
|  58|0x0000000707400000, 0x0000000707600000, 0x0000000707600000|100%| E|CS|TAMS 0x0000000707400000| PB 0x0000000707400000| Complete |  0

Card table byte_map: [0x000001a0da2d0000,0x000001a0daad0000] _byte_map_base: 0x000001a0d6ad0000

Marking Bits: (CMBitMap*) 0x000001a0c0379fd0
 Bits: [0x000001a0daad0000, 0x000001a0dead0000)

Polling page: 0x000001a0c03d0000

Metaspace:

Usage:
  Non-class:     15.78 MB used.
      Class:      2.71 MB used.
       Both:     18.49 MB used.

Virtual space:
  Non-class space:       64.00 MB reserved,      16.12 MB ( 25%) committed,  1 nodes.
      Class space:        1.00 GB reserved,       3.00 MB ( <1%) committed,  1 nodes.
             Both:        1.06 GB reserved,      19.12 MB (  2%) committed. 

Chunk freelists:
   Non-Class:  15.62 MB
       Class:  13.03 MB
        Both:  28.64 MB

MaxMetaspaceSize: unlimited
CompressedClassSpaceSize: 1.00 GB
Initial GC threshold: 21.00 MB
Current GC threshold: 21.00 MB
CDS: on
 - commit_granule_bytes: 65536.
 - commit_granule_words: 8192.
 - virtual_space_node_default_size: 8388608.
 - enlarge_chunks_in_place: 1.
 - use_allocation_guard: 0.


Internal statistics:

num_allocs_failed_limit: 0.
num_arena_births: 856.
num_arena_deaths: 0.
num_vsnodes_births: 2.
num_vsnodes_deaths: 0.
num_space_committed: 306.
num_space_uncommitted: 0.
num_chunks_returned_to_freelist: 0.
num_chunks_taken_from_freelist: 1587.
num_chunk_merges: 0.
num_chunk_splits: 1028.
num_chunks_enlarged: 697.
num_inconsistent_stats: 0.

CodeHeap 'non-profiled nmethods': size=120000Kb used=1422Kb max_used=1422Kb free=118577Kb
 bounds [0x000001a0d1900000, 0x000001a0d1b70000, 0x000001a0d8e30000]
CodeHeap 'profiled nmethods': size=120000Kb used=5790Kb max_used=5790Kb free=114209Kb
 bounds [0x000001a0c9e30000, 0x000001a0ca3e0000, 0x000001a0d1360000]
CodeHeap 'non-nmethods': size=5760Kb used=1505Kb max_used=1571Kb free=4254Kb
 bounds [0x000001a0d1360000, 0x000001a0d15d0000, 0x000001a0d1900000]
 total_blobs=3489 nmethods=2911 adapters=482
 compilation: enabled
              stopped_count=0, restarted_count=0
 full_count=0

Compilation events (20 events):
Event: 3.637 Thread 0x000001a0e17c8e80 nmethod 2858 0x000001a0ca3bcf10 code [0x000001a0ca3bd120, 0x000001a0ca3bd650]
Event: 3.637 Thread 0x000001a0e17c8e80 2860       3       java.util.HashMap::newHashMap (44 bytes)
Event: 3.637 Thread 0x000001a0e17c8e80 nmethod 2860 0x000001a0ca3bd710 code [0x000001a0ca3bd9a0, 0x000001a0ca3be188]
Event: 3.668 Thread 0x000001a0e17c8e80 2861       3       java.lang.invoke.InvokerBytecodeGenerator::methodPrologue (29 bytes)
Event: 3.668 Thread 0x000001a0e17c8e80 nmethod 2861 0x000001a0ca3be510 code [0x000001a0ca3be6e0, 0x000001a0ca3bea28]
Event: 3.668 Thread 0x000001a0e17c8e80 2862       3       java.lang.invoke.InvokerBytecodeGenerator::emitReturn (107 bytes)
Event: 3.668 Thread 0x000001a0e17c8e80 nmethod 2862 0x000001a0ca3beb90 code [0x000001a0ca3beda0, 0x000001a0ca3bf278]
Event: 3.668 Thread 0x000001a0e17c8e80 2863       3       java.lang.invoke.MethodHandles::classData (17 bytes)
Event: 3.668 Thread 0x000001a0e17c8e80 nmethod 2863 0x000001a0ca3bf490 code [0x000001a0ca3bf680, 0x000001a0ca3bfa58]
Event: 3.668 Thread 0x000001a0e17c8e80 2864       3       java.lang.System$2::classData (5 bytes)
Event: 3.669 Thread 0x000001a0e17c8e80 nmethod 2864 0x000001a0ca3bfc10 code [0x000001a0ca3bfda0, 0x000001a0ca3bfed0]
Event: 3.669 Thread 0x000001a0e17c8e80 2865       3       java.lang.invoke.MethodType::invokers (27 bytes)
Event: 3.670 Thread 0x000001a0e17c8e80 nmethod 2865 0x000001a0ca3bff90 code [0x000001a0ca3c0160, 0x000001a0ca3c05b0]
Event: 3.670 Thread 0x000001a0e17c8e80 2866       3       java.lang.invoke.LambdaFormBuffer::lambdaForm (37 bytes)
Event: 3.670 Thread 0x000001a0e17c8e80 nmethod 2866 0x000001a0ca3c0710 code [0x000001a0ca3c08e0, 0x000001a0ca3c0ca8]
Event: 3.670 Thread 0x000001a12a3d7cd0 2818       4       java.util.WeakHashMap::remove (131 bytes)
Event: 3.676 Thread 0x000001a12a3d7cd0 nmethod 2818 0x000001a0d1a45d90 code [0x000001a0d1a45f40, 0x000001a0d1a46330]
Event: 3.676 Thread 0x000001a12a3d7cd0 2839       4       jdk.internal.org.objectweb.asm.SymbolTable::addConstantClass (8 bytes)
Event: 3.677 Thread 0x000001a12a3d7cd0 nmethod 2839 0x000001a0d1a46610 code [0x000001a0d1a467a0, 0x000001a0d1a46858]
Event: 3.677 Thread 0x000001a12a3d7cd0 2867       4       java.lang.invoke.InvokerBytecodeGenerator::emitImplicitConversion (161 bytes)

GC Heap History (6 events):
Event: 0.528 GC heap before
{Heap before GC invocations=0 (full 0):
 garbage-first heap   total reserved 4194304K, committed 120832K, used 22528K [0x0000000700000000, 0x0000000800000000)
  region size 2048K, 12 young (24576K), 0 survivors (0K)
 Metaspace       used 1076K, committed 1216K, reserved 1114112K
  class space    used 77K, committed 128K, reserved 1048576K
}
Event: 0.532 GC heap after
{Heap after GC invocations=1 (full 0):
 garbage-first heap   total reserved 4194304K, committed 120832K, used 3834K [0x0000000700000000, 0x0000000800000000)
  region size 2048K, 2 young (4096K), 2 survivors (4096K)
 Metaspace       used 1076K, committed 1216K, reserved 1114112K
  class space    used 77K, committed 128K, reserved 1048576K
}
Event: 1.241 GC heap before
{Heap before GC invocations=1 (full 0):
 garbage-first heap   total reserved 4194304K, committed 120832K, used 48890K [0x0000000700000000, 0x0000000800000000)
  region size 2048K, 23 young (47104K), 2 survivors (4096K)
 Metaspace       used 4354K, committed 4608K, reserved 1114112K
  class space    used 540K, committed 640K, reserved 1048576K
}
Event: 1.249 GC heap after
{Heap after GC invocations=2 (full 0):
 garbage-first heap   total reserved 4194304K, committed 120832K, used 11890K [0x0000000700000000, 0x0000000800000000)
  region size 2048K, 3 young (6144K), 3 survivors (6144K)
 Metaspace       used 4354K, committed 4608K, reserved 1114112K
  class space    used 540K, committed 640K, reserved 1048576K
}
Event: 2.390 GC heap before
{Heap before GC invocations=2 (full 0):
 garbage-first heap   total reserved 4194304K, committed 120832K, used 65138K [0x0000000700000000, 0x0000000800000000)
  region size 2048K, 30 young (61440K), 3 survivors (6144K)
 Metaspace       used 9918K, committed 10304K, reserved 1114112K
  class space    used 1322K, committed 1472K, reserved 1048576K
}
Event: 2.396 GC heap after
{Heap after GC invocations=3 (full 0):
 garbage-first heap   total reserved 4194304K, committed 120832K, used 19719K [0x0000000700000000, 0x0000000800000000)
  region size 2048K, 4 young (8192K), 4 survivors (8192K)
 Metaspace       used 9918K, committed 10304K, reserved 1114112K
  class space    used 1322K, committed 1472K, reserved 1048576K
}

Dll operation events (15 events):
Event: 0.016 Loaded shared library C:\Program Files\Java\jdk-22\bin\java.dll
Event: 0.046 Loaded shared library C:\Program Files\Java\jdk-22\bin\jsvml.dll
Event: 0.093 Loaded shared library C:\Program Files\Java\jdk-22\bin\zip.dll
Event: 0.099 Loaded shared library C:\Program Files\Java\jdk-22\bin\instrument.dll
Event: 0.104 Loaded shared library C:\Program Files\Java\jdk-22\bin\net.dll
Event: 0.106 Loaded shared library C:\Program Files\Java\jdk-22\bin\nio.dll
Event: 0.110 Loaded shared library C:\Program Files\Java\jdk-22\bin\zip.dll
Event: 0.425 Loaded shared library C:\Program Files\Java\jdk-22\bin\jimage.dll
Event: 0.606 Loaded shared library C:\Program Files\Java\jdk-22\bin\verify.dll
Event: 0.734 Loaded shared library C:\Users\timjo\.gradle\native\c067742578af261105cb4f569cf0c3c89f3d7b1fecec35dd04571415982c5e48\windows-amd64\native-platform.dll
Event: 0.746 Loaded shared library C:\Users\timjo\.gradle\native\100fb08df4bc3b14c8652ba06237920a3bd2aa13389f12d3474272988ae205f9\windows-amd64\native-platform-file-events.dll
Event: 1.908 Loaded shared library C:\Program Files\Java\jdk-22\bin\management.dll
Event: 1.912 Loaded shared library C:\Program Files\Java\jdk-22\bin\management_ext.dll
Event: 2.142 Loaded shared library C:\Program Files\Java\jdk-22\bin\extnet.dll
Event: 2.351 Loaded shared library C:\Program Files\Java\jdk-22\bin\sunmscapi.dll

Deoptimization events (20 events):
Event: 3.258 Thread 0x000001a1288cb9a0 DEOPT PACKING pc=0x000001a0d1922764 sp=0x0000003a532fb8d0
Event: 3.258 Thread 0x000001a1288cb9a0 DEOPT UNPACKING pc=0x000001a0d13b46a2 sp=0x0000003a532fb868 mode 2
Event: 3.260 Thread 0x000001a1288cb9a0 Uncommon trap: trap_request=0xffffff45 fr.pc=0x000001a0d1931168 relative=0x00000000000005a8
Event: 3.260 Thread 0x000001a1288cb9a0 Uncommon trap: reason=unstable_if action=reinterpret pc=0x000001a0d1931168 method=java.io.File.getName()Ljava/lang/String; @ 16 c2
Event: 3.260 Thread 0x000001a1288cb9a0 DEOPT PACKING pc=0x000001a0d1931168 sp=0x0000003a532fb890
Event: 3.260 Thread 0x000001a1288cb9a0 DEOPT UNPACKING pc=0x000001a0d13b46a2 sp=0x0000003a532fb860 mode 2
Event: 3.323 Thread 0x000001a1288cb9a0 Uncommon trap: trap_request=0xffffff45 fr.pc=0x000001a0d1927694 relative=0x00000000000000f4
Event: 3.323 Thread 0x000001a1288cb9a0 Uncommon trap: reason=unstable_if action=reinterpret pc=0x000001a0d1927694 method=java.util.HashMap.hash(Ljava/lang/Object;)I @ 1 c2
Event: 3.323 Thread 0x000001a1288cb9a0 DEOPT PACKING pc=0x000001a0d1927694 sp=0x0000003a532fc8f0
Event: 3.323 Thread 0x000001a1288cb9a0 DEOPT UNPACKING pc=0x000001a0d13b46a2 sp=0x0000003a532fc830 mode 2
Event: 3.439 Thread 0x000001a1288c9240 DEOPT PACKING pc=0x000001a0ca2886e5 sp=0x0000003a533fe560
Event: 3.439 Thread 0x000001a1288c9240 DEOPT UNPACKING pc=0x000001a0d13b4e42 sp=0x0000003a533fda70 mode 0
Event: 3.536 Thread 0x000001a1288cb9a0 DEOPT PACKING pc=0x000001a0ca32d0e6 sp=0x0000003a532fba90
Event: 3.536 Thread 0x000001a1288cb9a0 DEOPT UNPACKING pc=0x000001a0d13b4e42 sp=0x0000003a532fb010 mode 0
Event: 3.562 Thread 0x000001a1288cb9a0 DEOPT PACKING pc=0x000001a0ca288706 sp=0x0000003a532fc440
Event: 3.562 Thread 0x000001a1288cb9a0 DEOPT UNPACKING pc=0x000001a0d13b4e42 sp=0x0000003a532fb950 mode 0
Event: 3.591 Thread 0x000001a1288cb9a0 DEOPT PACKING pc=0x000001a0ca2886e5 sp=0x0000003a532fa770
Event: 3.591 Thread 0x000001a1288cb9a0 DEOPT UNPACKING pc=0x000001a0d13b4e42 sp=0x0000003a532f9c80 mode 0
Event: 3.612 Thread 0x000001a1288cb9a0 DEOPT PACKING pc=0x000001a0ca288706 sp=0x0000003a532fb560
Event: 3.612 Thread 0x000001a1288cb9a0 DEOPT UNPACKING pc=0x000001a0d13b4e42 sp=0x0000003a532faa70 mode 0

Classes loaded (20 events):
Event: 3.404 Loading class java/lang/invoke/BoundMethodHandle$Species_LLLLLLLLLLLLLLLLLLLLLL
Event: 3.404 Loading class java/lang/invoke/BoundMethodHandle$Species_LLLLLLLLLLLLLLLLLLLLLL done
Event: 3.406 Loading class java/lang/invoke/BoundMethodHandle$Species_LLLLLLLLLLLLLLLLLLLLLLL
Event: 3.406 Loading class java/lang/invoke/BoundMethodHandle$Species_LLLLLLLLLLLLLLLLLLLLLLL done
Event: 3.504 Loading class java/util/function/LongFunction
Event: 3.505 Loading class java/util/function/LongFunction done
Event: 3.560 Loading class java/security/InvalidKeyException
Event: 3.560 Loading class java/security/KeyException
Event: 3.560 Loading class java/security/KeyException done
Event: 3.560 Loading class java/security/InvalidKeyException done
Event: 3.621 Loading class java/io/ObjectInputStream
Event: 3.621 Loading class java/io/ObjectInput
Event: 3.621 Loading class java/io/ObjectInput done
Event: 3.622 Loading class java/io/ObjectStreamConstants
Event: 3.622 Loading class java/io/ObjectStreamConstants done
Event: 3.622 Loading class java/io/ObjectInputStream done
Event: 3.622 Loading class java/io/ObjectOutputStream
Event: 3.623 Loading class java/io/ObjectOutput
Event: 3.623 Loading class java/io/ObjectOutput done
Event: 3.623 Loading class java/io/ObjectOutputStream done

Classes unloaded (0 events):
No events

Classes redefined (0 events):
No events

Internal exceptions (20 events):
Event: 3.298 Thread 0x000001a1288cb9a0 Exception <a 'java/lang/NoSuchMethodError'{0x000000070574b458}: 'int java.lang.invoke.DirectMethodHandle$Holder.invokeSpecialIFC(java.lang.Object, java.lang.Object, java.lang.Object, java.lang.Object)'> (0x000000070574b458) 
thrown [s\open\src\hotspot\share\interpreter\linkResolver.cpp, line 774]
Event: 3.300 Thread 0x000001a1288cb9a0 Exception <a 'java/lang/NoSuchMethodError'{0x0000000705758c50}: 'java.lang.Object java.lang.invoke.DirectMethodHandle$Holder.invokeInterface(java.lang.Object, java.lang.Object, java.lang.Object)'> (0x0000000705758c50) 
thrown [s\open\src\hotspot\share\interpreter\linkResolver.cpp, line 774]
Event: 3.300 Thread 0x000001a1288cb9a0 Exception <a 'java/lang/IncompatibleClassChangeError'{0x000000070575c858}: Found class java.lang.Object, but interface was expected> (0x000000070575c858) 
thrown [s\open\src\hotspot\share\interpreter\linkResolver.cpp, line 841]
Event: 3.323 Thread 0x000001a1288cb9a0 Implicit null exception at 0x000001a0d19275e6 to 0x000001a0d192768a
Event: 3.338 Thread 0x000001a1288cb9a0 Exception <a 'java/lang/NoSuchMethodError'{0x000000070553eb88}: 'int java.lang.invoke.DirectMethodHandle$Holder.invokeStatic(java.lang.Object, java.lang.Object, java.lang.Object, java.lang.Object)'> (0x000000070553eb88) 
thrown [s\open\src\hotspot\share\interpreter\linkResolver.cpp, line 774]
Event: 3.388 Thread 0x000001a1288cb9a0 Exception <a 'java/lang/NoSuchMethodError'{0x000000070533a710}: 'java.lang.Object java.lang.invoke.DelegatingMethodHandle$Holder.reinvoke_L(java.lang.Object, java.lang.Object, java.lang.Object, java.lang.Object, java.lang.Object, java.lang.Object, java.lang.Object, java.lang.Object, java.lang.Object, java.lang.Object, java.lang.Object, java.lang.Object, java.lang.Object, java.lang.Object, java.lang.Object, java.lang.Object, java.lang.Object, java.lang.Object, java.lang.Object, java.lang.Object, java.lang.O
Event: 3.393 Thread 0x000001a1288cb9a0 Exception <a 'java/lang/NoSuchMethodError'{0x00000007053a8268}: 'java.lang.Object java.lang.invoke.DirectMethodHandle$Holder.invokeStatic(java.lang.Object, java.lang.Object, java.lang.Object, java.lang.Object, java.lang.Object, java.lang.Object, java.lang.Object, java.lang.Object, java.lang.Object, java.lang.Object, java.lang.Object, java.lang.Object, java.lang.Object, java.lang.Object, java.lang.Object, java.lang.Object, java.lang.Object)'> (0x00000007053a8268) 
thrown [s\open\src\hotspot\share\interprete
Event: 3.394 Thread 0x000001a1288cb9a0 Exception <a 'java/lang/NoSuchMethodError'{0x00000007053d12a8}: 'java.lang.Object java.lang.invoke.DirectMethodHandle$Holder.invokeStatic(java.lang.Object, java.lang.Object, java.lang.Object, java.lang.Object, java.lang.Object, java.lang.Object, java.lang.Object, java.lang.Object, java.lang.Object, java.lang.Object, java.lang.Object, java.lang.Object, java.lang.Object, java.lang.Object, java.lang.Object, java.lang.Object, java.lang.Object, java.lang.Object)'> (0x00000007053d12a8) 
thrown [s\open\src\hotspo
Event: 3.396 Thread 0x000001a1288cb9a0 Exception <a 'java/lang/NoSuchMethodError'{0x00000007053fb340}: 'java.lang.Object java.lang.invoke.DirectMethodHandle$Holder.invokeStatic(java.lang.Object, java.lang.Object, java.lang.Object, java.lang.Object, java.lang.Object, java.lang.Object, java.lang.Object, java.lang.Object, java.lang.Object, java.lang.Object, java.lang.Object, java.lang.Object, java.lang.Object, java.lang.Object, java.lang.Object, java.lang.Object, java.lang.Object, java.lang.Object, java.lang.Object)'> (0x00000007053fb340) 
thrown 
Event: 3.398 Thread 0x000001a1288cb9a0 Exception <a 'java/lang/NoSuchMethodError'{0x0000000705026e00}: 'java.lang.Object java.lang.invoke.DirectMethodHandle$Holder.invokeStatic(java.lang.Object, java.lang.Object, java.lang.Object, java.lang.Object, java.lang.Object, java.lang.Object, java.lang.Object, java.lang.Object, java.lang.Object, java.lang.Object, java.lang.Object, java.lang.Object, java.lang.Object, java.lang.Object, java.lang.Object, java.lang.Object, java.lang.Object, java.lang.Object, java.lang.Object, java.lang.Object)'> (0x00000007
Event: 3.399 Thread 0x000001a1288cb9a0 Exception <a 'java/lang/NoSuchMethodError'{0x0000000705053750}: 'java.lang.Object java.lang.invoke.DirectMethodHandle$Holder.invokeStatic(java.lang.Object, java.lang.Object, java.lang.Object, java.lang.Object, java.lang.Object, java.lang.Object, java.lang.Object, java.lang.Object, java.lang.Object, java.lang.Object, java.lang.Object, java.lang.Object, java.lang.Object, java.lang.Object, java.lang.Object, java.lang.Object, java.lang.Object, java.lang.Object, java.lang.Object, java.lang.Object, java.lang.Obj
Event: 3.400 Thread 0x000001a1288cb9a0 Exception <a 'java/lang/NoSuchMethodError'{0x0000000705081768}: 'java.lang.Object java.lang.invoke.DirectMethodHandle$Holder.invokeStatic(java.lang.Object, java.lang.Object, java.lang.Object, java.lang.Object, java.lang.Object, java.lang.Object, java.lang.Object, java.lang.Object, java.lang.Object, java.lang.Object, java.lang.Object, java.lang.Object, java.lang.Object, java.lang.Object, java.lang.Object, java.lang.Object, java.lang.Object, java.lang.Object, java.lang.Object, java.lang.Object, java.lang.Obj
Event: 3.402 Thread 0x000001a1288cb9a0 Exception <a 'java/lang/NoSuchMethodError'{0x00000007050af9f8}: 'java.lang.Object java.lang.invoke.DirectMethodHandle$Holder.invokeStatic(java.lang.Object, java.lang.Object, java.lang.Object, java.lang.Object, java.lang.Object, java.lang.Object, java.lang.Object, java.lang.Object, java.lang.Object, java.lang.Object, java.lang.Object, java.lang.Object, java.lang.Object, java.lang.Object, java.lang.Object, java.lang.Object, java.lang.Object, java.lang.Object, java.lang.Object, java.lang.Object, java.lang.Obj
Event: 3.403 Thread 0x000001a1288cb9a0 Exception <a 'java/lang/NoSuchMethodError'{0x00000007050dee68}: 'java.lang.Object java.lang.invoke.DirectMethodHandle$Holder.invokeStatic(java.lang.Object, java.lang.Object, java.lang.Object, java.lang.Object, java.lang.Object, java.lang.Object, java.lang.Object, java.lang.Object, java.lang.Object, java.lang.Object, java.lang.Object, java.lang.Object, java.lang.Object, java.lang.Object, java.lang.Object, java.lang.Object, java.lang.Object, java.lang.Object, java.lang.Object, java.lang.Object, java.lang.Obj
Event: 3.405 Thread 0x000001a1288cb9a0 Exception <a 'java/lang/NoSuchMethodError'{0x000000070510ee68}: 'java.lang.Object java.lang.invoke.DirectMethodHandle$Holder.invokeStatic(java.lang.Object, java.lang.Object, java.lang.Object, java.lang.Object, java.lang.Object, java.lang.Object, java.lang.Object, java.lang.Object, java.lang.Object, java.lang.Object, java.lang.Object, java.lang.Object, java.lang.Object, java.lang.Object, java.lang.Object, java.lang.Object, java.lang.Object, java.lang.Object, java.lang.Object, java.lang.Object, java.lang.Obj
Event: 3.406 Thread 0x000001a1288cb9a0 Exception <a 'java/lang/NoSuchMethodError'{0x000000070513e9a0}: 'java.lang.Object java.lang.invoke.DirectMethodHandle$Holder.invokeStatic(java.lang.Object, java.lang.Object, java.lang.Object, java.lang.Object, java.lang.Object, java.lang.Object, java.lang.Object, java.lang.Object, java.lang.Object, java.lang.Object, java.lang.Object, java.lang.Object, java.lang.Object, java.lang.Object, java.lang.Object, java.lang.Object, java.lang.Object, java.lang.Object, java.lang.Object, java.lang.Object, java.lang.Obj
Event: 3.600 Thread 0x000001a1288cb9a0 Exception <a 'java/lang/IncompatibleClassChangeError'{0x0000000704608b68}: Found class java.lang.Object, but interface was expected> (0x0000000704608b68) 
thrown [s\open\src\hotspot\share\interpreter\linkResolver.cpp, line 841]
Event: 3.607 Thread 0x000001a1288cb9a0 Exception <a 'java/lang/NoSuchMethodError'{0x0000000704635350}: 'java.lang.Object java.lang.invoke.DirectMethodHandle$Holder.newInvokeSpecial(java.lang.Object, java.lang.Object, java.lang.Object, java.lang.Object, java.lang.Object, java.lang.Object, java.lang.Object, java.lang.Object, java.lang.Object, java.lang.Object)'> (0x0000000704635350) 
thrown [s\open\src\hotspot\share\interpreter\linkResolver.cpp, line 774]
Event: 3.631 Thread 0x000001a1288cb9a0 Exception <a 'java/lang/NoSuchMethodError'{0x000000070475ca88}: 'java.lang.Object java.lang.invoke.DirectMethodHandle$Holder.newInvokeSpecial(java.lang.Object, java.lang.Object, java.lang.Object, java.lang.Object, java.lang.Object, java.lang.Object, java.lang.Object, java.lang.Object)'> (0x000000070475ca88) 
thrown [s\open\src\hotspot\share\interpreter\linkResolver.cpp, line 774]
Event: 3.651 Thread 0x000001a1288cb9a0 Exception <a 'java/lang/NoSuchMethodError'{0x000000070440b768}: 'int java.lang.invoke.DirectMethodHandle$Holder.invokeStaticInit(java.lang.Object, java.lang.Object, java.lang.Object)'> (0x000000070440b768) 
thrown [s\open\src\hotspot\share\interpreter\linkResolver.cpp, line 774]

ZGC Phase Switch (0 events):
No events

VM Operations (20 events):
Event: 2.037 Executing VM operation: HandshakeAllThreads (Deoptimize)
Event: 2.037 Executing VM operation: HandshakeAllThreads (Deoptimize) done
Event: 2.077 Executing VM operation: HandshakeAllThreads (Deoptimize)
Event: 2.077 Executing VM operation: HandshakeAllThreads (Deoptimize) done
Event: 2.120 Executing VM operation: HandshakeAllThreads (Deoptimize)
Event: 2.120 Executing VM operation: HandshakeAllThreads (Deoptimize) done
Event: 2.157 Executing VM operation: ICBufferFull
Event: 2.157 Executing VM operation: ICBufferFull done
Event: 2.329 Executing VM operation: HandshakeAllThreads (Deoptimize)
Event: 2.329 Executing VM operation: HandshakeAllThreads (Deoptimize) done
Event: 2.390 Executing VM operation: G1CollectForAllocation (G1 Evacuation Pause)
Event: 2.396 Executing VM operation: G1CollectForAllocation (G1 Evacuation Pause) done
Event: 2.912 Executing VM operation: HandshakeAllThreads (Deoptimize)
Event: 2.912 Executing VM operation: HandshakeAllThreads (Deoptimize) done
Event: 3.378 Executing VM operation: ICBufferFull
Event: 3.378 Executing VM operation: ICBufferFull done
Event: 3.415 Executing VM operation: HandshakeAllThreads (Deoptimize)
Event: 3.415 Executing VM operation: HandshakeAllThreads (Deoptimize) done
Event: 3.416 Executing VM operation: HandshakeAllThreads (Deoptimize)
Event: 3.416 Executing VM operation: HandshakeAllThreads (Deoptimize) done

Events (20 events):
Event: 0.423 Thread 0x000001a0e1c01570 Thread added: 0x000001a0e1c01570
Event: 1.219 Thread 0x000001a0e1c01570 Thread exited: 0x000001a0e1c01570
Event: 1.517 Thread 0x000001a0e1a36a00 Thread exited: 0x000001a0e1a36a00
Event: 1.705 Thread 0x000001a12853bd90 Thread added: 0x000001a12853bd90
Event: 1.953 Thread 0x000001a128796390 Thread added: 0x000001a128796390
Event: 2.196 Thread 0x000001a12879d6e0 Thread added: 0x000001a12879d6e0
Event: 2.274 Thread 0x000001a1288a30e0 Thread added: 0x000001a1288a30e0
Event: 2.387 Thread 0x000001a12899b7d0 Thread added: 0x000001a12899b7d0
Event: 2.390 Thread 0x000001a1289a82f0 Thread added: 0x000001a1289a82f0
Event: 2.444 Thread 0x000001a1288c7e60 Thread added: 0x000001a1288c7e60
Event: 2.457 Thread 0x000001a1288cb9a0 Thread added: 0x000001a1288cb9a0
Event: 2.470 Thread 0x000001a1288c9240 Thread added: 0x000001a1288c9240
Event: 2.474 Thread 0x000001a1288cb310 Thread added: 0x000001a1288cb310
Event: 2.477 Thread 0x000001a1288c98d0 Thread added: 0x000001a1288c98d0
Event: 2.912 Thread 0x000001a1288c8bb0 Thread added: 0x000001a1288c8bb0
Event: 2.928 Thread 0x000001a1288c9f60 Thread added: 0x000001a1288c9f60
Event: 3.047 Thread 0x000001a12853bd90 Thread exited: 0x000001a12853bd90
Event: 3.191 Thread 0x000001a1288cac80 Thread added: 0x000001a1288cac80
Event: 3.373 Thread 0x000001a129207500 Thread added: 0x000001a129207500
Event: 3.670 Thread 0x000001a12a3d7cd0 Thread added: 0x000001a12a3d7cd0


Dynamic libraries:
0x00007ff697ec0000 - 0x00007ff697ed0000 	C:\Program Files\Java\jdk-22\bin\java.exe
0x00007ffa2e070000 - 0x00007ffa2e287000 	C:\windows\SYSTEM32\ntdll.dll
0x00007ffa2c6f0000 - 0x00007ffa2c7b4000 	C:\windows\System32\KERNEL32.DLL
0x00007ffa2b530000 - 0x00007ffa2b8ea000 	C:\windows\System32\KERNELBASE.dll
0x00007ffa2bb00000 - 0x00007ffa2bc11000 	C:\windows\System32\ucrtbase.dll
0x00007ff9e5660000 - 0x00007ff9e5677000 	C:\Program Files\Java\jdk-22\bin\jli.dll
0x00007ff9e5640000 - 0x00007ff9e565b000 	C:\Program Files\Java\jdk-22\bin\VCRUNTIME140.dll
0x00007ffa2c580000 - 0x00007ffa2c632000 	C:\windows\System32\ADVAPI32.dll
0x00007ffa2dbc0000 - 0x00007ffa2dc67000 	C:\windows\System32\msvcrt.dll
0x00007ffa2dc70000 - 0x00007ffa2dd17000 	C:\windows\System32\sechost.dll
0x00007ffa2b990000 - 0x00007ffa2b9b8000 	C:\windows\System32\bcrypt.dll
0x00007ffa2c7c0000 - 0x00007ffa2c8d4000 	C:\windows\System32\RPCRT4.dll
0x00007ffa2d740000 - 0x00007ffa2d8ee000 	C:\windows\System32\USER32.dll
0x00007ffa2bd40000 - 0x00007ffa2bd66000 	C:\windows\System32\win32u.dll
0x00007ffa214b0000 - 0x00007ffa21742000 	C:\windows\WinSxS\amd64_microsoft.windows.common-controls_6595b64144ccf1df_6.0.22621.4541_none_2710d1c57384c085\COMCTL32.dll
0x00007ffa2df90000 - 0x00007ffa2dfb9000 	C:\windows\System32\GDI32.dll
0x00007ffa2bc20000 - 0x00007ffa2bd3b000 	C:\windows\System32\gdi32full.dll
0x00007ffa2b8f0000 - 0x00007ffa2b98a000 	C:\windows\System32\msvcp_win.dll
0x00007ffa25e30000 - 0x00007ffa25e3a000 	C:\windows\SYSTEM32\VERSION.dll
0x00007ffa2dfe0000 - 0x00007ffa2e011000 	C:\windows\System32\IMM32.DLL
0x00007ffa0c800000 - 0x00007ffa0c80c000 	C:\Program Files\Java\jdk-22\bin\vcruntime140_1.dll
0x00007ff9b9610000 - 0x00007ff9b969e000 	C:\Program Files\Java\jdk-22\bin\msvcp140.dll
0x00007ff992140000 - 0x00007ff992e87000 	C:\Program Files\Java\jdk-22\bin\server\jvm.dll
0x00007ffa2ce40000 - 0x00007ffa2ceb1000 	C:\windows\System32\WS2_32.dll
0x00007ffa2a190000 - 0x00007ffa2a1dd000 	C:\windows\SYSTEM32\POWRPROF.dll
0x00007ffa25df0000 - 0x00007ffa25e24000 	C:\windows\SYSTEM32\WINMM.dll
0x00007ffa2a170000 - 0x00007ffa2a183000 	C:\windows\SYSTEM32\UMPDC.dll
0x00007ffa2a430000 - 0x00007ffa2a448000 	C:\windows\SYSTEM32\kernel.appcore.dll
0x00007ff9f8270000 - 0x00007ff9f827a000 	C:\Program Files\Java\jdk-22\bin\jimage.dll
0x00007ffa284a0000 - 0x00007ffa286d2000 	C:\windows\SYSTEM32\DBGHELP.DLL
0x00007ffa2ca40000 - 0x00007ffa2cdcf000 	C:\windows\System32\combase.dll
0x00007ffa2c450000 - 0x00007ffa2c527000 	C:\windows\System32\OLEAUT32.dll
0x00007ff9a7920000 - 0x00007ff9a7952000 	C:\windows\SYSTEM32\dbgcore.DLL
0x00007ffa2b340000 - 0x00007ffa2b3bb000 	C:\windows\System32\bcryptPrimitives.dll
0x00007ff9df790000 - 0x00007ff9df79f000 	C:\Program Files\Java\jdk-22\bin\instrument.dll
0x00007ff9e0720000 - 0x00007ff9e073e000 	C:\Program Files\Java\jdk-22\bin\java.dll
0x00007ffa2cec0000 - 0x00007ffa2d738000 	C:\windows\System32\SHELL32.dll
0x00007ffa2c1f0000 - 0x00007ffa2c395000 	C:\windows\System32\ole32.dll
0x00007ffa29240000 - 0x00007ffa29b48000 	C:\windows\SYSTEM32\windows.storage.dll
0x00007ffa29100000 - 0x00007ffa2923f000 	C:\windows\SYSTEM32\wintypes.dll
0x00007ffa2c940000 - 0x00007ffa2ca3a000 	C:\windows\System32\SHCORE.dll
0x00007ffa2dd40000 - 0x00007ffa2dd9e000 	C:\windows\System32\shlwapi.dll
0x00007ffa2b270000 - 0x00007ffa2b29b000 	C:\windows\SYSTEM32\profapi.dll
0x00007ff9aea10000 - 0x00007ff9aeae7000 	C:\Program Files\Java\jdk-22\bin\jsvml.dll
0x00007ff9e02f0000 - 0x00007ff9e0307000 	C:\Program Files\Java\jdk-22\bin\zip.dll
0x00007ff9e56d0000 - 0x00007ff9e56e0000 	C:\Program Files\Java\jdk-22\bin\net.dll
0x00007ffa2a8b0000 - 0x00007ffa2a919000 	C:\windows\system32\mswsock.dll
0x00007ff9e0310000 - 0x00007ff9e0326000 	C:\Program Files\Java\jdk-22\bin\nio.dll
0x00007ff9e0710000 - 0x00007ff9e0720000 	C:\Program Files\Java\jdk-22\bin\verify.dll
0x00007ffa0c7d0000 - 0x00007ffa0c7f7000 	C:\Users\timjo\.gradle\native\c067742578af261105cb4f569cf0c3c89f3d7b1fecec35dd04571415982c5e48\windows-amd64\native-platform.dll
0x00007ff9b1080000 - 0x00007ff9b11c4000 	C:\Users\timjo\.gradle\native\100fb08df4bc3b14c8652ba06237920a3bd2aa13389f12d3474272988ae205f9\windows-amd64\native-platform-file-events.dll
0x00007ff9dfa40000 - 0x00007ff9dfa4a000 	C:\Program Files\Java\jdk-22\bin\management.dll
0x00007ff9dfa30000 - 0x00007ff9dfa3b000 	C:\Program Files\Java\jdk-22\bin\management_ext.dll
0x00007ffa2e020000 - 0x00007ffa2e028000 	C:\windows\System32\PSAPI.DLL
0x00007ffa2aae0000 - 0x00007ffa2aafb000 	C:\windows\SYSTEM32\CRYPTSP.dll
0x00007ffa2a390000 - 0x00007ffa2a3c5000 	C:\windows\system32\rsaenh.dll
0x00007ffa2a950000 - 0x00007ffa2a978000 	C:\windows\SYSTEM32\USERENV.dll
0x00007ffa2aad0000 - 0x00007ffa2aadc000 	C:\windows\SYSTEM32\CRYPTBASE.dll
0x00007ffa29e20000 - 0x00007ffa29e4d000 	C:\windows\SYSTEM32\IPHLPAPI.DLL
0x00007ffa2dbb0000 - 0x00007ffa2dbb9000 	C:\windows\System32\NSI.dll
0x00007ff9df7a0000 - 0x00007ff9df7a9000 	C:\Program Files\Java\jdk-22\bin\extnet.dll
0x00007ff9defc0000 - 0x00007ff9defce000 	C:\Program Files\Java\jdk-22\bin\sunmscapi.dll
0x00007ffa2b3c0000 - 0x00007ffa2b526000 	C:\windows\System32\CRYPT32.dll
0x00007ffa2ad00000 - 0x00007ffa2ad2d000 	C:\windows\SYSTEM32\ncrypt.dll
0x00007ffa2acc0000 - 0x00007ffa2acf7000 	C:\windows\SYSTEM32\NTASN1.dll
0x00007ffa23e10000 - 0x00007ffa23e18000 	C:\windows\system32\wshunix.dll

dbghelp: loaded successfully - version: 4.0.5 - missing functions: none
symbol engine: initialized successfully - sym options: 0x614 - pdb path: .;C:\Program Files\Java\jdk-22\bin;C:\windows\SYSTEM32;C:\windows\WinSxS\amd64_microsoft.windows.common-controls_6595b64144ccf1df_6.0.22621.4541_none_2710d1c57384c085;C:\Program Files\Java\jdk-22\bin\server;C:\Users\timjo\.gradle\native\c067742578af261105cb4f569cf0c3c89f3d7b1fecec35dd04571415982c5e48\windows-amd64;C:\Users\timjo\.gradle\native\100fb08df4bc3b14c8652ba06237920a3bd2aa13389f12d3474272988ae205f9\windows-amd64

VM Arguments:
jvm_args: --add-opens=java.base/java.lang=ALL-UNNAMED --add-opens=java.base/java.lang.invoke=ALL-UNNAMED --add-opens=java.base/java.util=ALL-UNNAMED --add-opens=java.prefs/java.util.prefs=ALL-UNNAMED --add-exports=jdk.compiler/com.sun.tools.javac.api=ALL-UNNAMED --add-exports=jdk.compiler/com.sun.tools.javac.util=ALL-UNNAMED --add-opens=java.base/java.util=ALL-UNNAMED --add-opens=java.prefs/java.util.prefs=ALL-UNNAMED --add-opens=java.base/java.nio.charset=ALL-UNNAMED --add-opens=java.base/java.net=ALL-UNNAMED --add-opens=java.base/java.util.concurrent.atomic=ALL-UNNAMED --add-opens=java.xml/javax.xml.namespace=ALL-UNNAMED -Xmx4G -Dfile.encoding=UTF-8 -Duser.country=GB -Duser.language=en -Duser.variant -javaagent:C:\Users\timjo\.gradle\wrapper\dists\gradle-8.11.1-bin\bpt9gzteqjrbo1mjrsomdt32c\gradle-8.11.1\lib\agents\gradle-instrumentation-agent-8.11.1.jar 
java_command: org.gradle.launcher.daemon.bootstrap.GradleDaemon 8.11.1
java_class_path (initial): C:\Users\timjo\.gradle\wrapper\dists\gradle-8.11.1-bin\bpt9gzteqjrbo1mjrsomdt32c\gradle-8.11.1\lib\gradle-daemon-main-8.11.1.jar
Launcher Type: SUN_STANDARD

[Global flags]
     intx CICompilerCount                          = 4                                         {product} {ergonomic}
     uint ConcGCThreads                            = 3                                         {product} {ergonomic}
     uint G1ConcRefinementThreads                  = 10                                        {product} {ergonomic}
   size_t G1HeapRegionSize                         = 2097152                                   {product} {ergonomic}
   size_t InitialHeapSize                          = 123731968                                 {product} {ergonomic}
   size_t MarkStackSize                            = 4194304                                   {product} {ergonomic}
   size_t MaxHeapSize                              = 4294967296                                {product} {command line}
   size_t MaxNewSize                               = 2575302656                                {product} {ergonomic}
   size_t MinHeapDeltaBytes                        = 2097152                                   {product} {ergonomic}
   size_t MinHeapSize                              = 8388608                                   {product} {ergonomic}
    uintx NonNMethodCodeHeapSize                   = 5839372                                {pd product} {ergonomic}
    uintx NonProfiledCodeHeapSize                  = 122909434                              {pd product} {ergonomic}
    uintx ProfiledCodeHeapSize                     = 122909434                              {pd product} {ergonomic}
    uintx ReservedCodeCacheSize                    = 251658240                              {pd product} {ergonomic}
     bool SegmentedCodeCache                       = true                                      {product} {ergonomic}
   size_t SoftMaxHeapSize                          = 4294967296                             {manageable} {ergonomic}
     bool UseCompressedOops                        = true                           {product lp64_product} {ergonomic}
     bool UseG1GC                                  = true                                      {product} {ergonomic}
     bool UseLargePagesIndividualAllocation        = false                                  {pd product} {ergonomic}

Logging:
Log output configuration:
 #0: stdout all=warning uptime,level,tags foldmultilines=false
 #1: stderr all=off uptime,level,tags foldmultilines=false

Environment Variables:
CLASSPATH=C:\Users\timjo\Desktop\Lithereal\\gradle\wrapper\gradle-wrapper.jar
PATH=C:\Python313\Scripts\;C:\Python313\;C:\Program Files\NVIDIA GPU Computing Toolkit\CUDA\v12.6\bin;C:\Program Files\NVIDIA GPU Computing Toolkit\CUDA\v12.6\libnvvp;C:\Program Files\Common Files\Oracle\Java\javapath;C:\Program Files (x86)\Common Files\Oracle\Java\javapath;C:\windows\system32;C:\windows;C:\windows\System32\Wbem;C:\windows\System32\WindowsPowerShell\v1.0\;C:\windows\System32\OpenSSH\;C:\Program Files\dotnet\;C:\ProgramData\chocolatey\bin;C:\Program Files\CMake\bin;C:\Program Files\HP\HP One Agent;C:\Program Files\NVIDIA Corporation\NVIDIA app\NvDLISR;C:\Program Files\Git\cmd;C:\Program Files (x86)\Bitvise SSH Client;C:\Strawberry\c\bin;C:\Strawberry\perl\site\bin;C:\Strawberry\perl\bin;C:\Program Files\PuTTY\;C:\Program Files (x86)\NVIDIA Corporation\PhysX\Common;C:\Program Files\NVIDIA Corporation\Nsight Compute 2024.3.2\;C:\Program Files\nodejs\;C:\Users\timjo\AppData\Local\Programs\Python\Launcher\;C:\Users\timjo\AppData\Local\Microsoft\WindowsApps;C:\Users\timjo\AppData\Local\gitkraken\bin;C:\Users\timjo\AppData\Local\Programs\Microsoft VS Code\bin;C:\Program Files (x86)\MongoDB Atlas CLI\;C:\Users\timjo\AppData\Local\Programs\mongosh\;C:\Program Files\JetBrains\IntelliJ IDEA Community Edition 2024.2.4\bin;;C:\Users\timjo\AppData\Local\Muse Hub\lib;C:\Users\timjo\AppData\Roaming\npm
USERNAME=timjo
OS=Windows_NT
PROCESSOR_IDENTIFIER=AMD64 Family 25 Model 80 Stepping 0, AuthenticAMD
TMP=C:\Users\timjo\AppData\Local\Temp
TEMP=C:\Users\timjo\AppData\Local\Temp




Periodic native trim disabled

---------------  S Y S T E M  ---------------

OS:
 Windows 11 , 64 bit Build 22621 (10.0.22621.4391)
OS uptime: 1 days 7:49 hours
Hyper-V role detected

CPU: total 12 (initial active 12) (12 cores per cpu, 2 threads per core) family 25 model 80 stepping 0 microcode 0x0, cx8, cmov, fxsr, ht, mmx, 3dnowpref, sse, sse2, sse3, ssse3, sse4a, sse4.1, sse4.2, popcnt, lzcnt, tsc, tscinvbit, avx, avx2, aes, erms, clmul, bmi1, bmi2, adx, sha, fma, vzeroupper, clflush, clflushopt, hv, rdtscp, rdpid, fsrm, f16c, cet_ss
Processor Information for all 12 processors :
  Max Mhz: 3301, Current Mhz: 3301, Mhz Limit: 3301

Memory: 4k page, system-wide physical 7519M (1664M free)
TotalPageFile size 23903M (AvailPageFile size 3M)
current process WorkingSet (physical memory assigned to process): 146M, peak: 146M
current process commit charge ("private bytes"): 299M, peak: 301M

vm_info: Java HotSpot(TM) 64-Bit Server VM (22.0.1+8-16) for windows-amd64 JRE (22.0.1+8-16), built on 2024-03-12T10:33:16Z by "mach5one" with MS VC++ 17.6 (VS2022)

END.
